<?xml version="1.0" encoding="UTF-8"?>
<!-- Generated by org.testng.reporters.JUnitReportReporter -->
<testsuite hostname="DESKTOP-RGLJK0L" failures="0" tests="2" name="test.UserTest" time="0.793" errors="0" timestamp="19 июл. 2020 17:05:26 GMT" skipped="0">
  <testcase classname="test.UserTest" name="updateUserAndCheck" time="0.759"/>
  <testcase classname="test.UserTest" name="createUserAndCheck" time="0.034"/>
</testsuite> <!-- test.UserTest -->
