<?xml version="1.0" encoding="UTF-8"?>
<!-- Generated by org.testng.reporters.JUnitReportReporter -->
<testsuite hostname="DESKTOP-RGLJK0L" failures="0" tests="2" name="test.UserTest" time="0.106" errors="0" timestamp="20 июл. 2020 07:46:48 GMT" skipped="0">
  <testcase classname="test.UserTest" name="updateUserAndCheck" time="0.041"/>
  <testcase classname="test.UserTest" name="createUserAndCheck" time="0.065"/>
</testsuite> <!-- test.UserTest -->
